[2021-04-12 11:01:01 - INFO] Setup Time: 133.6374294757843 seconds
[2021-04-12 11:01:01 - INFO] FRED RUN 0: Class Physical Quantities Created
[2021-04-12 11:01:01 - INFO] ------------------------------------------------------------
[2021-04-12 11:01:01 - INFO] -----------  PARAMETERS FOR RUN # 0 -----------------------
[2021-04-12 11:01:01 - INFO] Max_ell                = 5
[2021-04-12 11:01:01 - INFO] N_HD                   = 1000
[2021-04-12 11:01:01 - INFO] N_OD                   = 250
[2021-04-12 11:01:01 - INFO] N_ID                   = 1000
[2021-04-12 11:01:01 - INFO] N_Fourier              = 20
[2021-04-12 11:01:01 - INFO] field_spin             = 0.0
[2021-04-12 11:01:01 - INFO] mass_ratio             = 0.01
[2021-04-12 11:01:01 - INFO] particle_charge        = 1.0
[2021-04-12 11:01:01 - INFO] e_orbit                = 0.3
[2021-04-12 11:01:01 - INFO] p_orbit                = 7.0
[2021-04-12 11:01:01 - INFO] rho_horizon            = -20.0
[2021-04-12 11:01:01 - INFO] rho_H_C                = -10.0
[2021-04-12 11:01:01 - INFO] rho_H_S                = 0.0
[2021-04-12 11:01:01 - INFO] rho_peri               = 6.436801576408942
[2021-04-12 11:01:01 - INFO] rho_apo                = 12.772588722239782
[2021-04-12 11:01:01 - INFO] rho_I_S                = 150.0
[2021-04-12 11:01:01 - INFO] rho_I_C                = 200.0
[2021-04-12 11:01:01 - INFO] rho_infinity           = 250.0
[2021-04-12 11:01:01 - INFO] q_transition           = 1.3
[2021-04-12 11:01:01 - INFO] s_transition           = 1.5
[2021-04-12 11:01:01 - INFO] ------------------------------------------------------------
[2021-04-12 11:01:01 - INFO] -----------  EXTRA INFORMATION  ----------------------------
[2021-04-12 11:01:01 - INFO] Radial Period:  T_r    = {PP.T_r}
[2021-04-12 11:01:01 - INFO] Azimutal Period: T_phi = {PP.T_phi}
[2021-04-12 11:01:01 - INFO] FRED RUN 0: Projection of the geodesic onto the Radial Spatial Domain Done
[2021-04-12 11:01:01 - INFO] FRED RUN 0: Singular Part of the Self-Force Computed
[2021-04-12 11:01:38 - INFO] FRED RUN 0: Mode (l,m,n) = (0,0,0) Computed
[2021-04-12 11:01:38 - INFO] FRED RUN 0: Mode (l,m,n) = (0,0,1) Computed
[2021-04-12 11:01:38 - INFO] FRED RUN 0: Mode (l,m,n) = (0,0,-1) Computed
[2021-04-12 11:01:38 - INFO] FRED RUN 0: Mode (l,m,n) = (0,0,2) Computed
[2021-04-12 11:01:38 - INFO] FRED RUN 0: Mode (l,m,n) = (0,0,-2) Computed
[2021-04-12 11:01:38 - INFO] FRED RUN 0: Mode (l,m,n) = (0,0,3) Computed
[2021-04-12 11:01:38 - INFO] FRED RUN 0: Mode (l,m,n) = (0,0,-3) Computed
[2021-04-12 11:01:38 - INFO] FRED RUN 0: Mode (l,m,n) = (0,0,4) Computed
[2021-04-12 11:01:38 - INFO] FRED RUN 0: Mode (l,m,n) = (0,0,-4) Computed
[2021-04-12 11:01:38 - INFO] FRED RUN 0: Mode (l,m,n) = (0,0,5) Computed
[2021-04-12 11:01:38 - INFO] FRED RUN 0: Mode (l,m,n) = (0,0,-5) Computed
[2021-04-12 11:01:38 - INFO] FRED RUN 0: Mode (l,m,n) = (0,0,6) Computed
[2021-04-12 11:01:39 - INFO] FRED RUN 0: Mode (l,m,n) = (0,0,-6) Computed
[2021-04-12 11:01:39 - INFO] FRED RUN 0: Mode (l,m,n) = (0,0,7) Computed
[2021-04-12 11:01:39 - INFO] FRED RUN 0: Mode (l,m,n) = (0,0,-7) Computed
[2021-04-12 11:01:39 - INFO] FRED RUN 0: Mode (l,m,n) = (0,0,8) Computed
[2021-04-12 11:01:39 - INFO] FRED RUN 0: Mode (l,m,n) = (0,0,-8) Computed
[2021-04-12 11:01:39 - INFO] FRED RUN 0: Mode (l,m,n) = (0,0,9) Computed
[2021-04-12 11:01:39 - INFO] FRED RUN 0: Mode (l,m,n) = (0,0,-9) Computed
[2021-04-12 11:01:39 - INFO] FRED RUN 0: Mode (l,m,n) = (0,0,10) Computed
[2021-04-12 11:01:39 - INFO] FRED RUN 0: Mode (l,m,n) = (0,0,-10) Computed
[2021-04-12 11:01:39 - INFO] FRED RUN 0: Mode (l,m,n) = (0,0,11) Computed
[2021-04-12 11:01:39 - INFO] FRED RUN 0: Mode (l,m,n) = (0,0,-11) Computed
[2021-04-12 11:01:39 - INFO] FRED RUN 0: Mode (l,m,n) = (0,0,12) Computed
[2021-04-12 11:01:39 - INFO] FRED RUN 0: Mode (l,m,n) = (0,0,-12) Computed
[2021-04-12 11:01:39 - INFO] FRED RUN 0: Mode (l,m,n) = (0,0,13) Computed
[2021-04-12 11:01:39 - INFO] FRED RUN 0: Mode (l,m,n) = (0,0,-13) Computed
[2021-04-12 11:01:39 - INFO] FRED RUN 0: Mode (l,m,n) = (0,0,14) Computed
[2021-04-12 11:01:40 - INFO] FRED RUN 0: Mode (l,m,n) = (0,0,-14) Computed
[2021-04-12 11:01:40 - INFO] FRED RUN 0: Mode (l,m,n) = (0,0,15) Computed
[2021-04-12 11:01:40 - INFO] FRED RUN 0: Mode (l,m,n) = (0,0,-15) Computed
[2021-04-12 11:01:40 - INFO] FRED RUN 0: Mode (l,m,n) = (0,0,16) Computed
[2021-04-12 11:01:40 - INFO] FRED RUN 0: Mode (l,m,n) = (0,0,-16) Computed
[2021-04-12 11:01:40 - INFO] FRED RUN 0: Mode (l,m,n) = (0,0,17) Computed
[2021-04-12 11:01:40 - INFO] FRED RUN 0: Mode (l,m,n) = (0,0,-17) Computed
[2021-04-12 11:01:40 - INFO] FRED RUN 0: Mode (l,m,n) = (0,0,18) Computed
[2021-04-12 11:01:40 - INFO] FRED RUN 0: Mode (l,m,n) = (0,0,-18) Computed
[2021-04-12 11:01:40 - INFO] FRED RUN 0: Mode (l,m,n) = (0,0,19) Computed
[2021-04-12 11:01:40 - INFO] FRED RUN 0: Mode (l,m,n) = (0,0,-19) Computed
[2021-04-12 11:01:40 - INFO] FRED RUN 0: Mode (l,m,n) = (0,0,20) Computed
[2021-04-12 11:01:41 - INFO] FRED RUN 0: Mode (l,m,n) = (0,0,-20) Computed
[2021-04-12 11:01:41 - INFO] FRED RUN 0: Mode (l,m,n) = (1,1,0) Computed
[2021-04-12 11:01:41 - INFO] FRED RUN 0: Mode (l,m,n) = (1,1,1) Computed
[2021-04-12 11:01:41 - INFO] FRED RUN 0: Mode (l,m,n) = (1,1,-1) Computed
[2021-04-12 11:01:41 - INFO] FRED RUN 0: Mode (l,m,n) = (1,1,2) Computed
[2021-04-12 11:01:41 - INFO] FRED RUN 0: Mode (l,m,n) = (1,1,-2) Computed
[2021-04-12 11:01:41 - INFO] FRED RUN 0: Mode (l,m,n) = (1,1,3) Computed
[2021-04-12 11:01:41 - INFO] FRED RUN 0: Mode (l,m,n) = (1,1,-3) Computed
[2021-04-12 11:01:41 - INFO] FRED RUN 0: Mode (l,m,n) = (1,1,4) Computed
[2021-04-12 11:01:41 - INFO] FRED RUN 0: Mode (l,m,n) = (1,1,-4) Computed
[2021-04-12 11:01:41 - INFO] FRED RUN 0: Mode (l,m,n) = (1,1,5) Computed
[2021-04-12 11:01:41 - INFO] FRED RUN 0: Mode (l,m,n) = (1,1,-5) Computed
[2021-04-12 11:01:41 - INFO] FRED RUN 0: Mode (l,m,n) = (1,1,6) Computed
[2021-04-12 11:01:41 - INFO] FRED RUN 0: Mode (l,m,n) = (1,1,-6) Computed
[2021-04-12 11:01:41 - INFO] FRED RUN 0: Mode (l,m,n) = (1,1,7) Computed
[2021-04-12 11:01:41 - INFO] FRED RUN 0: Mode (l,m,n) = (1,1,-7) Computed
[2021-04-12 11:01:41 - INFO] FRED RUN 0: Mode (l,m,n) = (1,1,8) Computed
[2021-04-12 11:01:41 - INFO] FRED RUN 0: Mode (l,m,n) = (1,1,-8) Computed
[2021-04-12 11:01:41 - INFO] FRED RUN 0: Mode (l,m,n) = (1,1,9) Computed
[2021-04-12 11:01:42 - INFO] FRED RUN 0: Mode (l,m,n) = (1,1,-9) Computed
[2021-04-12 11:01:42 - INFO] FRED RUN 0: Mode (l,m,n) = (1,1,10) Computed
[2021-04-12 11:01:42 - INFO] FRED RUN 0: Mode (l,m,n) = (1,1,-10) Computed
[2021-04-12 11:01:42 - INFO] FRED RUN 0: Mode (l,m,n) = (1,1,11) Computed
[2021-04-12 11:01:42 - INFO] FRED RUN 0: Mode (l,m,n) = (1,1,-11) Computed
[2021-04-12 11:01:42 - INFO] FRED RUN 0: Mode (l,m,n) = (1,1,12) Computed
[2021-04-12 11:01:42 - INFO] FRED RUN 0: Mode (l,m,n) = (1,1,-12) Computed
[2021-04-12 11:01:42 - INFO] FRED RUN 0: Mode (l,m,n) = (1,1,13) Computed
[2021-04-12 11:01:42 - INFO] FRED RUN 0: Mode (l,m,n) = (1,1,-13) Computed
[2021-04-12 11:01:42 - INFO] FRED RUN 0: Mode (l,m,n) = (1,1,14) Computed
[2021-04-12 11:01:42 - INFO] FRED RUN 0: Mode (l,m,n) = (1,1,-14) Computed
[2021-04-12 11:01:42 - INFO] FRED RUN 0: Mode (l,m,n) = (1,1,15) Computed
[2021-04-12 11:01:43 - INFO] FRED RUN 0: Mode (l,m,n) = (1,1,-15) Computed
[2021-04-12 11:01:43 - INFO] FRED RUN 0: Mode (l,m,n) = (1,1,16) Computed
[2021-04-12 11:01:43 - INFO] FRED RUN 0: Mode (l,m,n) = (1,1,-16) Computed
[2021-04-12 11:01:43 - INFO] FRED RUN 0: Mode (l,m,n) = (1,1,17) Computed
[2021-04-12 11:01:43 - INFO] FRED RUN 0: Mode (l,m,n) = (1,1,-17) Computed
[2021-04-12 11:01:43 - INFO] FRED RUN 0: Mode (l,m,n) = (1,1,18) Computed
[2021-04-12 11:01:43 - INFO] FRED RUN 0: Mode (l,m,n) = (1,1,-18) Computed
[2021-04-12 11:01:43 - INFO] FRED RUN 0: Mode (l,m,n) = (1,1,19) Computed
[2021-04-12 11:01:43 - INFO] FRED RUN 0: Mode (l,m,n) = (1,1,-19) Computed
[2021-04-12 11:01:43 - INFO] FRED RUN 0: Mode (l,m,n) = (1,1,20) Computed
[2021-04-12 11:01:43 - INFO] FRED RUN 0: Mode (l,m,n) = (1,1,-20) Computed
[2021-04-12 11:01:43 - INFO] FRED RUN 0: Mode (l,m,n) = (2,0,0) Computed
[2021-04-12 11:01:43 - INFO] FRED RUN 0: Mode (l,m,n) = (2,0,1) Computed
[2021-04-12 11:01:44 - INFO] FRED RUN 0: Mode (l,m,n) = (2,0,-1) Computed
[2021-04-12 11:01:44 - INFO] FRED RUN 0: Mode (l,m,n) = (2,0,2) Computed
[2021-04-12 11:01:44 - INFO] FRED RUN 0: Mode (l,m,n) = (2,0,-2) Computed
[2021-04-12 11:01:44 - INFO] FRED RUN 0: Mode (l,m,n) = (2,0,3) Computed
[2021-04-12 11:01:44 - INFO] FRED RUN 0: Mode (l,m,n) = (2,0,-3) Computed
[2021-04-12 11:01:44 - INFO] FRED RUN 0: Mode (l,m,n) = (2,0,4) Computed
[2021-04-12 11:01:44 - INFO] FRED RUN 0: Mode (l,m,n) = (2,0,-4) Computed
[2021-04-12 11:01:44 - INFO] FRED RUN 0: Mode (l,m,n) = (2,0,5) Computed
[2021-04-12 11:01:44 - INFO] FRED RUN 0: Mode (l,m,n) = (2,0,-5) Computed
[2021-04-12 11:01:44 - INFO] FRED RUN 0: Mode (l,m,n) = (2,0,6) Computed
[2021-04-12 11:01:44 - INFO] FRED RUN 0: Mode (l,m,n) = (2,0,-6) Computed
[2021-04-12 11:01:44 - INFO] FRED RUN 0: Mode (l,m,n) = (2,0,7) Computed
[2021-04-12 11:01:44 - INFO] FRED RUN 0: Mode (l,m,n) = (2,0,-7) Computed
[2021-04-12 11:01:44 - INFO] FRED RUN 0: Mode (l,m,n) = (2,0,8) Computed
[2021-04-12 11:01:44 - INFO] FRED RUN 0: Mode (l,m,n) = (2,0,-8) Computed
[2021-04-12 11:01:44 - INFO] FRED RUN 0: Mode (l,m,n) = (2,0,9) Computed
[2021-04-12 11:01:45 - INFO] FRED RUN 0: Mode (l,m,n) = (2,0,-9) Computed
[2021-04-12 11:01:45 - INFO] FRED RUN 0: Mode (l,m,n) = (2,0,10) Computed
[2021-04-12 11:01:45 - INFO] FRED RUN 0: Mode (l,m,n) = (2,0,-10) Computed
[2021-04-12 11:01:45 - INFO] FRED RUN 0: Mode (l,m,n) = (2,0,11) Computed
[2021-04-12 11:01:45 - INFO] FRED RUN 0: Mode (l,m,n) = (2,0,-11) Computed
[2021-04-12 11:01:45 - INFO] FRED RUN 0: Mode (l,m,n) = (2,0,12) Computed
[2021-04-12 11:01:45 - INFO] FRED RUN 0: Mode (l,m,n) = (2,0,-12) Computed
[2021-04-12 11:01:45 - INFO] FRED RUN 0: Mode (l,m,n) = (2,0,13) Computed
[2021-04-12 11:01:45 - INFO] FRED RUN 0: Mode (l,m,n) = (2,0,-13) Computed
[2021-04-12 11:01:45 - INFO] FRED RUN 0: Mode (l,m,n) = (2,0,14) Computed
[2021-04-12 11:01:45 - INFO] FRED RUN 0: Mode (l,m,n) = (2,0,-14) Computed
[2021-04-12 11:01:45 - INFO] FRED RUN 0: Mode (l,m,n) = (2,0,15) Computed
[2021-04-12 11:01:45 - INFO] FRED RUN 0: Mode (l,m,n) = (2,0,-15) Computed
[2021-04-12 11:01:45 - INFO] FRED RUN 0: Mode (l,m,n) = (2,0,16) Computed
[2021-04-12 11:01:46 - INFO] FRED RUN 0: Mode (l,m,n) = (2,0,-16) Computed
[2021-04-12 11:01:46 - INFO] FRED RUN 0: Mode (l,m,n) = (2,0,17) Computed
[2021-04-12 11:01:46 - INFO] FRED RUN 0: Mode (l,m,n) = (2,0,-17) Computed
[2021-04-12 11:01:46 - INFO] FRED RUN 0: Mode (l,m,n) = (2,0,18) Computed
[2021-04-12 11:01:46 - INFO] FRED RUN 0: Mode (l,m,n) = (2,0,-18) Computed
[2021-04-12 11:01:46 - INFO] FRED RUN 0: Mode (l,m,n) = (2,0,19) Computed
[2021-04-12 11:01:46 - INFO] FRED RUN 0: Mode (l,m,n) = (2,0,-19) Computed
[2021-04-12 11:01:46 - INFO] FRED RUN 0: Mode (l,m,n) = (2,0,20) Computed
[2021-04-12 11:01:46 - INFO] FRED RUN 0: Mode (l,m,n) = (2,0,-20) Computed
[2021-04-12 11:01:46 - INFO] FRED RUN 0: Mode (l,m,n) = (2,2,0) Computed
[2021-04-12 11:01:46 - INFO] FRED RUN 0: Mode (l,m,n) = (2,2,1) Computed
[2021-04-12 11:01:46 - INFO] FRED RUN 0: Mode (l,m,n) = (2,2,-1) Computed
[2021-04-12 11:01:46 - INFO] FRED RUN 0: Mode (l,m,n) = (2,2,2) Computed
[2021-04-12 11:01:46 - INFO] FRED RUN 0: Mode (l,m,n) = (2,2,-2) Computed
[2021-04-12 11:01:47 - INFO] FRED RUN 0: Mode (l,m,n) = (2,2,3) Computed
[2021-04-12 11:01:47 - INFO] FRED RUN 0: Mode (l,m,n) = (2,2,-3) Computed
[2021-04-12 11:01:47 - INFO] FRED RUN 0: Mode (l,m,n) = (2,2,4) Computed
[2021-04-12 11:01:47 - INFO] FRED RUN 0: Mode (l,m,n) = (2,2,-4) Computed
[2021-04-12 11:01:47 - INFO] FRED RUN 0: Mode (l,m,n) = (2,2,5) Computed
[2021-04-12 11:01:47 - INFO] FRED RUN 0: Mode (l,m,n) = (2,2,-5) Computed
[2021-04-12 11:01:47 - INFO] FRED RUN 0: Mode (l,m,n) = (2,2,6) Computed
[2021-04-12 11:01:47 - INFO] FRED RUN 0: Mode (l,m,n) = (2,2,-6) Computed
[2021-04-12 11:01:47 - INFO] FRED RUN 0: Mode (l,m,n) = (2,2,7) Computed
[2021-04-12 11:01:47 - INFO] FRED RUN 0: Mode (l,m,n) = (2,2,-7) Computed
[2021-04-12 11:01:47 - INFO] FRED RUN 0: Mode (l,m,n) = (2,2,8) Computed
[2021-04-12 11:01:47 - INFO] FRED RUN 0: Mode (l,m,n) = (2,2,-8) Computed
[2021-04-12 11:01:47 - INFO] FRED RUN 0: Mode (l,m,n) = (2,2,9) Computed
[2021-04-12 11:01:47 - INFO] FRED RUN 0: Mode (l,m,n) = (2,2,-9) Computed
[2021-04-12 11:01:48 - INFO] FRED RUN 0: Mode (l,m,n) = (2,2,10) Computed
[2021-04-12 11:01:48 - INFO] FRED RUN 0: Mode (l,m,n) = (2,2,-10) Computed
[2021-04-12 11:01:48 - INFO] FRED RUN 0: Mode (l,m,n) = (2,2,11) Computed
[2021-04-12 11:01:48 - INFO] FRED RUN 0: Mode (l,m,n) = (2,2,-11) Computed
[2021-04-12 11:01:48 - INFO] FRED RUN 0: Mode (l,m,n) = (2,2,12) Computed
[2021-04-12 11:01:48 - INFO] FRED RUN 0: Mode (l,m,n) = (2,2,-12) Computed
[2021-04-12 11:01:48 - INFO] FRED RUN 0: Mode (l,m,n) = (2,2,13) Computed
[2021-04-12 11:01:48 - INFO] FRED RUN 0: Mode (l,m,n) = (2,2,-13) Computed
[2021-04-12 11:01:48 - INFO] FRED RUN 0: Mode (l,m,n) = (2,2,14) Computed
[2021-04-12 11:01:48 - INFO] FRED RUN 0: Mode (l,m,n) = (2,2,-14) Computed
[2021-04-12 11:01:48 - INFO] FRED RUN 0: Mode (l,m,n) = (2,2,15) Computed
[2021-04-12 11:01:48 - INFO] FRED RUN 0: Mode (l,m,n) = (2,2,-15) Computed
[2021-04-12 11:01:48 - INFO] FRED RUN 0: Mode (l,m,n) = (2,2,16) Computed
[2021-04-12 11:01:48 - INFO] FRED RUN 0: Mode (l,m,n) = (2,2,-16) Computed
[2021-04-12 11:01:49 - INFO] FRED RUN 0: Mode (l,m,n) = (2,2,17) Computed
[2021-04-12 11:01:49 - INFO] FRED RUN 0: Mode (l,m,n) = (2,2,-17) Computed
[2021-04-12 11:01:49 - INFO] FRED RUN 0: Mode (l,m,n) = (2,2,18) Computed
[2021-04-12 11:01:49 - INFO] FRED RUN 0: Mode (l,m,n) = (2,2,-18) Computed
[2021-04-12 11:01:49 - INFO] FRED RUN 0: Mode (l,m,n) = (2,2,19) Computed
[2021-04-12 11:01:49 - INFO] FRED RUN 0: Mode (l,m,n) = (2,2,-19) Computed
[2021-04-12 11:01:49 - INFO] FRED RUN 0: Mode (l,m,n) = (2,2,20) Computed
[2021-04-12 11:01:49 - INFO] FRED RUN 0: Mode (l,m,n) = (2,2,-20) Computed
[2021-04-12 11:01:49 - INFO] FRED RUN 0: Mode (l,m,n) = (3,1,0) Computed
[2021-04-12 11:01:49 - INFO] FRED RUN 0: Mode (l,m,n) = (3,1,1) Computed
[2021-04-12 11:01:49 - INFO] FRED RUN 0: Mode (l,m,n) = (3,1,-1) Computed
[2021-04-12 11:01:49 - INFO] FRED RUN 0: Mode (l,m,n) = (3,1,2) Computed
[2021-04-12 11:01:50 - INFO] FRED RUN 0: Mode (l,m,n) = (3,1,-2) Computed
[2021-04-12 11:01:50 - INFO] FRED RUN 0: Mode (l,m,n) = (3,1,3) Computed
[2021-04-12 11:01:50 - INFO] FRED RUN 0: Mode (l,m,n) = (3,1,-3) Computed
[2021-04-12 11:01:50 - INFO] FRED RUN 0: Mode (l,m,n) = (3,1,4) Computed
[2021-04-12 11:01:50 - INFO] FRED RUN 0: Mode (l,m,n) = (3,1,-4) Computed
[2021-04-12 11:01:50 - INFO] FRED RUN 0: Mode (l,m,n) = (3,1,5) Computed
[2021-04-12 11:01:50 - INFO] FRED RUN 0: Mode (l,m,n) = (3,1,-5) Computed
[2021-04-12 11:01:50 - INFO] FRED RUN 0: Mode (l,m,n) = (3,1,6) Computed
[2021-04-12 11:01:50 - INFO] FRED RUN 0: Mode (l,m,n) = (3,1,-6) Computed
[2021-04-12 11:01:50 - INFO] FRED RUN 0: Mode (l,m,n) = (3,1,7) Computed
[2021-04-12 11:01:50 - INFO] FRED RUN 0: Mode (l,m,n) = (3,1,-7) Computed
[2021-04-12 11:01:50 - INFO] FRED RUN 0: Mode (l,m,n) = (3,1,8) Computed
[2021-04-12 11:01:50 - INFO] FRED RUN 0: Mode (l,m,n) = (3,1,-8) Computed
[2021-04-12 11:01:50 - INFO] FRED RUN 0: Mode (l,m,n) = (3,1,9) Computed
[2021-04-12 11:01:50 - INFO] FRED RUN 0: Mode (l,m,n) = (3,1,-9) Computed
[2021-04-12 11:01:50 - INFO] FRED RUN 0: Mode (l,m,n) = (3,1,10) Computed
[2021-04-12 11:01:50 - INFO] FRED RUN 0: Mode (l,m,n) = (3,1,-10) Computed
[2021-04-12 11:01:51 - INFO] FRED RUN 0: Mode (l,m,n) = (3,1,11) Computed
[2021-04-12 11:01:51 - INFO] FRED RUN 0: Mode (l,m,n) = (3,1,-11) Computed
[2021-04-12 11:01:51 - INFO] FRED RUN 0: Mode (l,m,n) = (3,1,12) Computed
[2021-04-12 11:01:51 - INFO] FRED RUN 0: Mode (l,m,n) = (3,1,-12) Computed
[2021-04-12 11:01:51 - INFO] FRED RUN 0: Mode (l,m,n) = (3,1,13) Computed
[2021-04-12 11:01:51 - INFO] FRED RUN 0: Mode (l,m,n) = (3,1,-13) Computed
[2021-04-12 11:01:51 - INFO] FRED RUN 0: Mode (l,m,n) = (3,1,14) Computed
[2021-04-12 11:01:51 - INFO] FRED RUN 0: Mode (l,m,n) = (3,1,-14) Computed
[2021-04-12 11:01:51 - INFO] FRED RUN 0: Mode (l,m,n) = (3,1,15) Computed
[2021-04-12 11:01:51 - INFO] FRED RUN 0: Mode (l,m,n) = (3,1,-15) Computed
[2021-04-12 11:01:51 - INFO] FRED RUN 0: Mode (l,m,n) = (3,1,16) Computed
[2021-04-12 11:01:51 - INFO] FRED RUN 0: Mode (l,m,n) = (3,1,-16) Computed
[2021-04-12 11:01:51 - INFO] FRED RUN 0: Mode (l,m,n) = (3,1,17) Computed
[2021-04-12 11:01:52 - INFO] FRED RUN 0: Mode (l,m,n) = (3,1,-17) Computed
[2021-04-12 11:01:52 - INFO] FRED RUN 0: Mode (l,m,n) = (3,1,18) Computed
[2021-04-12 11:01:52 - INFO] FRED RUN 0: Mode (l,m,n) = (3,1,-18) Computed
[2021-04-12 11:01:52 - INFO] FRED RUN 0: Mode (l,m,n) = (3,1,19) Computed
[2021-04-12 11:01:52 - INFO] FRED RUN 0: Mode (l,m,n) = (3,1,-19) Computed
[2021-04-12 11:01:52 - INFO] FRED RUN 0: Mode (l,m,n) = (3,1,20) Computed
[2021-04-12 11:01:52 - INFO] FRED RUN 0: Mode (l,m,n) = (3,1,-20) Computed
[2021-04-12 11:01:52 - INFO] FRED RUN 0: Mode (l,m,n) = (3,3,0) Computed
[2021-04-12 11:01:52 - INFO] FRED RUN 0: Mode (l,m,n) = (3,3,1) Computed
[2021-04-12 11:01:52 - INFO] FRED RUN 0: Mode (l,m,n) = (3,3,-1) Computed
[2021-04-12 11:01:53 - INFO] FRED RUN 0: Mode (l,m,n) = (3,3,2) Computed
[2021-04-12 11:01:53 - INFO] FRED RUN 0: Mode (l,m,n) = (3,3,-2) Computed
[2021-04-12 11:01:53 - INFO] FRED RUN 0: Mode (l,m,n) = (3,3,3) Computed
[2021-04-12 11:01:53 - INFO] FRED RUN 0: Mode (l,m,n) = (3,3,-3) Computed
[2021-04-12 11:01:53 - INFO] FRED RUN 0: Mode (l,m,n) = (3,3,4) Computed
[2021-04-12 11:01:53 - INFO] FRED RUN 0: Mode (l,m,n) = (3,3,-4) Computed
[2021-04-12 11:01:53 - INFO] FRED RUN 0: Mode (l,m,n) = (3,3,5) Computed
[2021-04-12 11:01:53 - INFO] FRED RUN 0: Mode (l,m,n) = (3,3,-5) Computed
[2021-04-12 11:01:53 - INFO] FRED RUN 0: Mode (l,m,n) = (3,3,6) Computed
[2021-04-12 11:01:53 - INFO] FRED RUN 0: Mode (l,m,n) = (3,3,-6) Computed
[2021-04-12 11:01:53 - INFO] FRED RUN 0: Mode (l,m,n) = (3,3,7) Computed
[2021-04-12 11:01:53 - INFO] FRED RUN 0: Mode (l,m,n) = (3,3,-7) Computed
[2021-04-12 11:01:53 - INFO] FRED RUN 0: Mode (l,m,n) = (3,3,8) Computed
[2021-04-12 11:01:53 - INFO] FRED RUN 0: Mode (l,m,n) = (3,3,-8) Computed
[2021-04-12 11:01:53 - INFO] FRED RUN 0: Mode (l,m,n) = (3,3,9) Computed
[2021-04-12 11:01:54 - INFO] FRED RUN 0: Mode (l,m,n) = (3,3,-9) Computed
[2021-04-12 11:01:54 - INFO] FRED RUN 0: Mode (l,m,n) = (3,3,10) Computed
[2021-04-12 11:01:54 - INFO] FRED RUN 0: Mode (l,m,n) = (3,3,-10) Computed
[2021-04-12 11:01:54 - INFO] FRED RUN 0: Mode (l,m,n) = (3,3,11) Computed
[2021-04-12 11:01:54 - INFO] FRED RUN 0: Mode (l,m,n) = (3,3,-11) Computed
[2021-04-12 11:01:54 - INFO] FRED RUN 0: Mode (l,m,n) = (3,3,12) Computed
[2021-04-12 11:01:54 - INFO] FRED RUN 0: Mode (l,m,n) = (3,3,-12) Computed
[2021-04-12 11:01:54 - INFO] FRED RUN 0: Mode (l,m,n) = (3,3,13) Computed
[2021-04-12 11:01:54 - INFO] FRED RUN 0: Mode (l,m,n) = (3,3,-13) Computed
[2021-04-12 11:01:54 - INFO] FRED RUN 0: Mode (l,m,n) = (3,3,14) Computed
[2021-04-12 11:01:54 - INFO] FRED RUN 0: Mode (l,m,n) = (3,3,-14) Computed
[2021-04-12 11:01:54 - INFO] FRED RUN 0: Mode (l,m,n) = (3,3,15) Computed
[2021-04-12 11:01:55 - INFO] FRED RUN 0: Mode (l,m,n) = (3,3,-15) Computed
[2021-04-12 11:01:55 - INFO] FRED RUN 0: Mode (l,m,n) = (3,3,16) Computed
[2021-04-12 11:01:55 - INFO] FRED RUN 0: Mode (l,m,n) = (3,3,-16) Computed
[2021-04-12 11:01:55 - INFO] FRED RUN 0: Mode (l,m,n) = (3,3,17) Computed
[2021-04-12 11:01:55 - INFO] FRED RUN 0: Mode (l,m,n) = (3,3,-17) Computed
[2021-04-12 11:01:55 - INFO] FRED RUN 0: Mode (l,m,n) = (3,3,18) Computed
[2021-04-12 11:01:55 - INFO] FRED RUN 0: Mode (l,m,n) = (3,3,-18) Computed
[2021-04-12 11:01:55 - INFO] FRED RUN 0: Mode (l,m,n) = (3,3,19) Computed
[2021-04-12 11:01:55 - INFO] FRED RUN 0: Mode (l,m,n) = (3,3,-19) Computed
[2021-04-12 11:01:55 - INFO] FRED RUN 0: Mode (l,m,n) = (3,3,20) Computed
[2021-04-12 11:01:55 - INFO] FRED RUN 0: Mode (l,m,n) = (3,3,-20) Computed
[2021-04-12 11:01:55 - INFO] FRED RUN 0: Mode (l,m,n) = (4,0,0) Computed
[2021-04-12 11:01:56 - INFO] FRED RUN 0: Mode (l,m,n) = (4,0,1) Computed
[2021-04-12 11:01:56 - INFO] FRED RUN 0: Mode (l,m,n) = (4,0,-1) Computed
[2021-04-12 11:01:56 - INFO] FRED RUN 0: Mode (l,m,n) = (4,0,2) Computed
[2021-04-12 11:01:56 - INFO] FRED RUN 0: Mode (l,m,n) = (4,0,-2) Computed
[2021-04-12 11:01:56 - INFO] FRED RUN 0: Mode (l,m,n) = (4,0,3) Computed
[2021-04-12 11:01:56 - INFO] FRED RUN 0: Mode (l,m,n) = (4,0,-3) Computed
[2021-04-12 11:01:56 - INFO] FRED RUN 0: Mode (l,m,n) = (4,0,4) Computed
[2021-04-12 11:01:56 - INFO] FRED RUN 0: Mode (l,m,n) = (4,0,-4) Computed
[2021-04-12 11:01:56 - INFO] FRED RUN 0: Mode (l,m,n) = (4,0,5) Computed
[2021-04-12 11:01:56 - INFO] FRED RUN 0: Mode (l,m,n) = (4,0,-5) Computed
[2021-04-12 11:01:56 - INFO] FRED RUN 0: Mode (l,m,n) = (4,0,6) Computed
[2021-04-12 11:01:56 - INFO] FRED RUN 0: Mode (l,m,n) = (4,0,-6) Computed
[2021-04-12 11:01:56 - INFO] FRED RUN 0: Mode (l,m,n) = (4,0,7) Computed
[2021-04-12 11:01:56 - INFO] FRED RUN 0: Mode (l,m,n) = (4,0,-7) Computed
[2021-04-12 11:01:56 - INFO] FRED RUN 0: Mode (l,m,n) = (4,0,8) Computed
[2021-04-12 11:01:56 - INFO] FRED RUN 0: Mode (l,m,n) = (4,0,-8) Computed
[2021-04-12 11:01:56 - INFO] FRED RUN 0: Mode (l,m,n) = (4,0,9) Computed
[2021-04-12 11:01:57 - INFO] FRED RUN 0: Mode (l,m,n) = (4,0,-9) Computed
[2021-04-12 11:01:57 - INFO] FRED RUN 0: Mode (l,m,n) = (4,0,10) Computed
[2021-04-12 11:01:57 - INFO] FRED RUN 0: Mode (l,m,n) = (4,0,-10) Computed
[2021-04-12 11:01:57 - INFO] FRED RUN 0: Mode (l,m,n) = (4,0,11) Computed
[2021-04-12 11:01:57 - INFO] FRED RUN 0: Mode (l,m,n) = (4,0,-11) Computed
[2021-04-12 11:01:57 - INFO] FRED RUN 0: Mode (l,m,n) = (4,0,12) Computed
[2021-04-12 11:01:57 - INFO] FRED RUN 0: Mode (l,m,n) = (4,0,-12) Computed
[2021-04-12 11:01:57 - INFO] FRED RUN 0: Mode (l,m,n) = (4,0,13) Computed
[2021-04-12 11:01:57 - INFO] FRED RUN 0: Mode (l,m,n) = (4,0,-13) Computed
[2021-04-12 11:01:58 - INFO] FRED RUN 0: Mode (l,m,n) = (4,0,14) Computed
[2021-04-12 11:01:58 - INFO] FRED RUN 0: Mode (l,m,n) = (4,0,-14) Computed
[2021-04-12 11:01:58 - INFO] FRED RUN 0: Mode (l,m,n) = (4,0,15) Computed
[2021-04-12 11:01:58 - INFO] FRED RUN 0: Mode (l,m,n) = (4,0,-15) Computed
[2021-04-12 11:01:58 - INFO] FRED RUN 0: Mode (l,m,n) = (4,0,16) Computed
[2021-04-12 11:01:58 - INFO] FRED RUN 0: Mode (l,m,n) = (4,0,-16) Computed
[2021-04-12 11:01:58 - INFO] FRED RUN 0: Mode (l,m,n) = (4,0,17) Computed
[2021-04-12 11:01:58 - INFO] FRED RUN 0: Mode (l,m,n) = (4,0,-17) Computed
[2021-04-12 11:01:58 - INFO] FRED RUN 0: Mode (l,m,n) = (4,0,18) Computed
[2021-04-12 11:01:58 - INFO] FRED RUN 0: Mode (l,m,n) = (4,0,-18) Computed
[2021-04-12 11:01:58 - INFO] FRED RUN 0: Mode (l,m,n) = (4,0,19) Computed
[2021-04-12 11:01:58 - INFO] FRED RUN 0: Mode (l,m,n) = (4,0,-19) Computed
[2021-04-12 11:01:59 - INFO] FRED RUN 0: Mode (l,m,n) = (4,0,20) Computed
[2021-04-12 11:01:59 - INFO] FRED RUN 0: Mode (l,m,n) = (4,0,-20) Computed
[2021-04-12 11:01:59 - INFO] FRED RUN 0: Mode (l,m,n) = (4,2,0) Computed
[2021-04-12 11:01:59 - INFO] FRED RUN 0: Mode (l,m,n) = (4,2,1) Computed
[2021-04-12 11:01:59 - INFO] FRED RUN 0: Mode (l,m,n) = (4,2,-1) Computed
[2021-04-12 11:01:59 - INFO] FRED RUN 0: Mode (l,m,n) = (4,2,2) Computed
[2021-04-12 11:01:59 - INFO] FRED RUN 0: Mode (l,m,n) = (4,2,-2) Computed
[2021-04-12 11:01:59 - INFO] FRED RUN 0: Mode (l,m,n) = (4,2,3) Computed
[2021-04-12 11:01:59 - INFO] FRED RUN 0: Mode (l,m,n) = (4,2,-3) Computed
[2021-04-12 11:01:59 - INFO] FRED RUN 0: Mode (l,m,n) = (4,2,4) Computed
[2021-04-12 11:01:59 - INFO] FRED RUN 0: Mode (l,m,n) = (4,2,-4) Computed
[2021-04-12 11:01:59 - INFO] FRED RUN 0: Mode (l,m,n) = (4,2,5) Computed
[2021-04-12 11:01:59 - INFO] FRED RUN 0: Mode (l,m,n) = (4,2,-5) Computed
[2021-04-12 11:01:59 - INFO] FRED RUN 0: Mode (l,m,n) = (4,2,6) Computed
[2021-04-12 11:01:59 - INFO] FRED RUN 0: Mode (l,m,n) = (4,2,-6) Computed
[2021-04-12 11:02:00 - INFO] FRED RUN 0: Mode (l,m,n) = (4,2,7) Computed
[2021-04-12 11:02:00 - INFO] FRED RUN 0: Mode (l,m,n) = (4,2,-7) Computed
[2021-04-12 11:02:00 - INFO] FRED RUN 0: Mode (l,m,n) = (4,2,8) Computed
[2021-04-12 11:02:00 - INFO] FRED RUN 0: Mode (l,m,n) = (4,2,-8) Computed
[2021-04-12 11:02:00 - INFO] FRED RUN 0: Mode (l,m,n) = (4,2,9) Computed
[2021-04-12 11:02:00 - INFO] FRED RUN 0: Mode (l,m,n) = (4,2,-9) Computed
[2021-04-12 11:02:00 - INFO] FRED RUN 0: Mode (l,m,n) = (4,2,10) Computed
[2021-04-12 11:02:00 - INFO] FRED RUN 0: Mode (l,m,n) = (4,2,-10) Computed
[2021-04-12 11:02:00 - INFO] FRED RUN 0: Mode (l,m,n) = (4,2,11) Computed
[2021-04-12 11:02:00 - INFO] FRED RUN 0: Mode (l,m,n) = (4,2,-11) Computed
[2021-04-12 11:02:01 - INFO] FRED RUN 0: Mode (l,m,n) = (4,2,12) Computed
[2021-04-12 11:02:01 - INFO] FRED RUN 0: Mode (l,m,n) = (4,2,-12) Computed
[2021-04-12 11:02:01 - INFO] FRED RUN 0: Mode (l,m,n) = (4,2,13) Computed
[2021-04-12 11:02:01 - INFO] FRED RUN 0: Mode (l,m,n) = (4,2,-13) Computed
[2021-04-12 11:02:01 - INFO] FRED RUN 0: Mode (l,m,n) = (4,2,14) Computed
[2021-04-12 11:02:01 - INFO] FRED RUN 0: Mode (l,m,n) = (4,2,-14) Computed
[2021-04-12 11:02:01 - INFO] FRED RUN 0: Mode (l,m,n) = (4,2,15) Computed
[2021-04-12 11:02:01 - INFO] FRED RUN 0: Mode (l,m,n) = (4,2,-15) Computed
[2021-04-12 11:02:01 - INFO] FRED RUN 0: Mode (l,m,n) = (4,2,16) Computed
[2021-04-12 11:02:01 - INFO] FRED RUN 0: Mode (l,m,n) = (4,2,-16) Computed
[2021-04-12 11:02:01 - INFO] FRED RUN 0: Mode (l,m,n) = (4,2,17) Computed
[2021-04-12 11:02:01 - INFO] FRED RUN 0: Mode (l,m,n) = (4,2,-17) Computed
[2021-04-12 11:02:02 - INFO] FRED RUN 0: Mode (l,m,n) = (4,2,18) Computed
[2021-04-12 11:02:02 - INFO] FRED RUN 0: Mode (l,m,n) = (4,2,-18) Computed
[2021-04-12 11:02:02 - INFO] FRED RUN 0: Mode (l,m,n) = (4,2,19) Computed
[2021-04-12 11:02:02 - INFO] FRED RUN 0: Mode (l,m,n) = (4,2,-19) Computed
[2021-04-12 11:02:02 - INFO] FRED RUN 0: Mode (l,m,n) = (4,2,20) Computed
[2021-04-12 11:02:02 - INFO] FRED RUN 0: Mode (l,m,n) = (4,2,-20) Computed
[2021-04-12 11:02:02 - INFO] FRED RUN 0: Mode (l,m,n) = (4,4,0) Computed
[2021-04-12 11:02:02 - INFO] FRED RUN 0: Mode (l,m,n) = (4,4,1) Computed
[2021-04-12 11:02:02 - INFO] FRED RUN 0: Mode (l,m,n) = (4,4,-1) Computed
[2021-04-12 11:02:02 - INFO] FRED RUN 0: Mode (l,m,n) = (4,4,2) Computed
[2021-04-12 11:02:02 - INFO] FRED RUN 0: Mode (l,m,n) = (4,4,-2) Computed
[2021-04-12 11:02:02 - INFO] FRED RUN 0: Mode (l,m,n) = (4,4,3) Computed
[2021-04-12 11:02:03 - INFO] FRED RUN 0: Mode (l,m,n) = (4,4,-3) Computed
[2021-04-12 11:02:03 - INFO] FRED RUN 0: Mode (l,m,n) = (4,4,4) Computed
[2021-04-12 11:02:03 - INFO] FRED RUN 0: Mode (l,m,n) = (4,4,-4) Computed
[2021-04-12 11:02:03 - INFO] FRED RUN 0: Mode (l,m,n) = (4,4,5) Computed
[2021-04-12 11:02:03 - INFO] FRED RUN 0: Mode (l,m,n) = (4,4,-5) Computed
[2021-04-12 11:02:03 - INFO] FRED RUN 0: Mode (l,m,n) = (4,4,6) Computed
[2021-04-12 11:02:03 - INFO] FRED RUN 0: Mode (l,m,n) = (4,4,-6) Computed
[2021-04-12 11:02:03 - INFO] FRED RUN 0: Mode (l,m,n) = (4,4,7) Computed
[2021-04-12 11:02:03 - INFO] FRED RUN 0: Mode (l,m,n) = (4,4,-7) Computed
[2021-04-12 11:02:03 - INFO] FRED RUN 0: Mode (l,m,n) = (4,4,8) Computed
[2021-04-12 11:02:03 - INFO] FRED RUN 0: Mode (l,m,n) = (4,4,-8) Computed
[2021-04-12 11:02:03 - INFO] FRED RUN 0: Mode (l,m,n) = (4,4,9) Computed
[2021-04-12 11:02:03 - INFO] FRED RUN 0: Mode (l,m,n) = (4,4,-9) Computed
[2021-04-12 11:02:04 - INFO] FRED RUN 0: Mode (l,m,n) = (4,4,10) Computed
[2021-04-12 11:02:04 - INFO] FRED RUN 0: Mode (l,m,n) = (4,4,-10) Computed
[2021-04-12 11:02:04 - INFO] FRED RUN 0: Mode (l,m,n) = (4,4,11) Computed
[2021-04-12 11:02:04 - INFO] FRED RUN 0: Mode (l,m,n) = (4,4,-11) Computed
[2021-04-12 11:02:04 - INFO] FRED RUN 0: Mode (l,m,n) = (4,4,12) Computed
[2021-04-12 11:02:04 - INFO] FRED RUN 0: Mode (l,m,n) = (4,4,-12) Computed
[2021-04-12 11:02:04 - INFO] FRED RUN 0: Mode (l,m,n) = (4,4,13) Computed
[2021-04-12 11:02:04 - INFO] FRED RUN 0: Mode (l,m,n) = (4,4,-13) Computed
[2021-04-12 11:02:04 - INFO] FRED RUN 0: Mode (l,m,n) = (4,4,14) Computed
[2021-04-12 11:02:04 - INFO] FRED RUN 0: Mode (l,m,n) = (4,4,-14) Computed
[2021-04-12 11:02:04 - INFO] FRED RUN 0: Mode (l,m,n) = (4,4,15) Computed
[2021-04-12 11:02:04 - INFO] FRED RUN 0: Mode (l,m,n) = (4,4,-15) Computed
[2021-04-12 11:02:04 - INFO] FRED RUN 0: Mode (l,m,n) = (4,4,16) Computed
[2021-04-12 11:02:05 - INFO] FRED RUN 0: Mode (l,m,n) = (4,4,-16) Computed
[2021-04-12 11:02:05 - INFO] FRED RUN 0: Mode (l,m,n) = (4,4,17) Computed
[2021-04-12 11:02:05 - INFO] FRED RUN 0: Mode (l,m,n) = (4,4,-17) Computed
[2021-04-12 11:02:05 - INFO] FRED RUN 0: Mode (l,m,n) = (4,4,18) Computed
[2021-04-12 11:02:05 - INFO] FRED RUN 0: Mode (l,m,n) = (4,4,-18) Computed
[2021-04-12 11:02:05 - INFO] FRED RUN 0: Mode (l,m,n) = (4,4,19) Computed
[2021-04-12 11:02:05 - INFO] FRED RUN 0: Mode (l,m,n) = (4,4,-19) Computed
[2021-04-12 11:02:05 - INFO] FRED RUN 0: Mode (l,m,n) = (4,4,20) Computed
[2021-04-12 11:02:05 - INFO] FRED RUN 0: Mode (l,m,n) = (4,4,-20) Computed
[2021-04-12 11:02:05 - INFO] FRED RUN 0: Mode (l,m,n) = (5,1,0) Computed
[2021-04-12 11:02:05 - INFO] FRED RUN 0: Mode (l,m,n) = (5,1,1) Computed
[2021-04-12 11:02:05 - INFO] FRED RUN 0: Mode (l,m,n) = (5,1,-1) Computed
[2021-04-12 11:02:06 - INFO] FRED RUN 0: Mode (l,m,n) = (5,1,2) Computed
[2021-04-12 11:02:06 - INFO] FRED RUN 0: Mode (l,m,n) = (5,1,-2) Computed
[2021-04-12 11:02:06 - INFO] FRED RUN 0: Mode (l,m,n) = (5,1,3) Computed
[2021-04-12 11:02:06 - INFO] FRED RUN 0: Mode (l,m,n) = (5,1,-3) Computed
[2021-04-12 11:02:06 - INFO] FRED RUN 0: Mode (l,m,n) = (5,1,4) Computed
[2021-04-12 11:02:06 - INFO] FRED RUN 0: Mode (l,m,n) = (5,1,-4) Computed
[2021-04-12 11:02:06 - INFO] FRED RUN 0: Mode (l,m,n) = (5,1,5) Computed
[2021-04-12 11:02:06 - INFO] FRED RUN 0: Mode (l,m,n) = (5,1,-5) Computed
[2021-04-12 11:02:06 - INFO] FRED RUN 0: Mode (l,m,n) = (5,1,6) Computed
[2021-04-12 11:02:06 - INFO] FRED RUN 0: Mode (l,m,n) = (5,1,-6) Computed
[2021-04-12 11:02:06 - INFO] FRED RUN 0: Mode (l,m,n) = (5,1,7) Computed
[2021-04-12 11:02:06 - INFO] FRED RUN 0: Mode (l,m,n) = (5,1,-7) Computed
[2021-04-12 11:02:06 - INFO] FRED RUN 0: Mode (l,m,n) = (5,1,8) Computed
[2021-04-12 11:02:06 - INFO] FRED RUN 0: Mode (l,m,n) = (5,1,-8) Computed
[2021-04-12 11:02:07 - INFO] FRED RUN 0: Mode (l,m,n) = (5,1,9) Computed
[2021-04-12 11:02:07 - INFO] FRED RUN 0: Mode (l,m,n) = (5,1,-9) Computed
[2021-04-12 11:02:07 - INFO] FRED RUN 0: Mode (l,m,n) = (5,1,10) Computed
[2021-04-12 11:02:07 - INFO] FRED RUN 0: Mode (l,m,n) = (5,1,-10) Computed
[2021-04-12 11:02:07 - INFO] FRED RUN 0: Mode (l,m,n) = (5,1,11) Computed
[2021-04-12 11:02:07 - INFO] FRED RUN 0: Mode (l,m,n) = (5,1,-11) Computed
[2021-04-12 11:02:07 - INFO] FRED RUN 0: Mode (l,m,n) = (5,1,12) Computed
[2021-04-12 11:02:07 - INFO] FRED RUN 0: Mode (l,m,n) = (5,1,-12) Computed
[2021-04-12 11:02:07 - INFO] FRED RUN 0: Mode (l,m,n) = (5,1,13) Computed
[2021-04-12 11:02:07 - INFO] FRED RUN 0: Mode (l,m,n) = (5,1,-13) Computed
[2021-04-12 11:02:07 - INFO] FRED RUN 0: Mode (l,m,n) = (5,1,14) Computed
[2021-04-12 11:02:07 - INFO] FRED RUN 0: Mode (l,m,n) = (5,1,-14) Computed
[2021-04-12 11:02:07 - INFO] FRED RUN 0: Mode (l,m,n) = (5,1,15) Computed
[2021-04-12 11:02:08 - INFO] FRED RUN 0: Mode (l,m,n) = (5,1,-15) Computed
[2021-04-12 11:02:08 - INFO] FRED RUN 0: Mode (l,m,n) = (5,1,16) Computed
[2021-04-12 11:02:08 - INFO] FRED RUN 0: Mode (l,m,n) = (5,1,-16) Computed
[2021-04-12 11:02:08 - INFO] FRED RUN 0: Mode (l,m,n) = (5,1,17) Computed
[2021-04-12 11:02:08 - INFO] FRED RUN 0: Mode (l,m,n) = (5,1,-17) Computed
[2021-04-12 11:02:08 - INFO] FRED RUN 0: Mode (l,m,n) = (5,1,18) Computed
[2021-04-12 11:02:08 - INFO] FRED RUN 0: Mode (l,m,n) = (5,1,-18) Computed
[2021-04-12 11:02:08 - INFO] FRED RUN 0: Mode (l,m,n) = (5,1,19) Computed
[2021-04-12 11:02:08 - INFO] FRED RUN 0: Mode (l,m,n) = (5,1,-19) Computed
[2021-04-12 11:02:08 - INFO] FRED RUN 0: Mode (l,m,n) = (5,1,20) Computed
[2021-04-12 11:02:09 - INFO] FRED RUN 0: Mode (l,m,n) = (5,1,-20) Computed
[2021-04-12 11:02:09 - INFO] FRED RUN 0: Mode (l,m,n) = (5,3,0) Computed
[2021-04-12 11:02:09 - INFO] FRED RUN 0: Mode (l,m,n) = (5,3,1) Computed
[2021-04-12 11:02:09 - INFO] FRED RUN 0: Mode (l,m,n) = (5,3,-1) Computed
[2021-04-12 11:02:09 - INFO] FRED RUN 0: Mode (l,m,n) = (5,3,2) Computed
[2021-04-12 11:02:09 - INFO] FRED RUN 0: Mode (l,m,n) = (5,3,-2) Computed
[2021-04-12 11:02:09 - INFO] FRED RUN 0: Mode (l,m,n) = (5,3,3) Computed
[2021-04-12 11:02:09 - INFO] FRED RUN 0: Mode (l,m,n) = (5,3,-3) Computed
[2021-04-12 11:02:09 - INFO] FRED RUN 0: Mode (l,m,n) = (5,3,4) Computed
[2021-04-12 11:02:09 - INFO] FRED RUN 0: Mode (l,m,n) = (5,3,-4) Computed
[2021-04-12 11:02:09 - INFO] FRED RUN 0: Mode (l,m,n) = (5,3,5) Computed
[2021-04-12 11:02:09 - INFO] FRED RUN 0: Mode (l,m,n) = (5,3,-5) Computed
[2021-04-12 11:02:09 - INFO] FRED RUN 0: Mode (l,m,n) = (5,3,6) Computed
[2021-04-12 11:02:10 - INFO] FRED RUN 0: Mode (l,m,n) = (5,3,-6) Computed
[2021-04-12 11:02:10 - INFO] FRED RUN 0: Mode (l,m,n) = (5,3,7) Computed
[2021-04-12 11:02:10 - INFO] FRED RUN 0: Mode (l,m,n) = (5,3,-7) Computed
[2021-04-12 11:02:10 - INFO] FRED RUN 0: Mode (l,m,n) = (5,3,8) Computed
[2021-04-12 11:02:10 - INFO] FRED RUN 0: Mode (l,m,n) = (5,3,-8) Computed
[2021-04-12 11:02:10 - INFO] FRED RUN 0: Mode (l,m,n) = (5,3,9) Computed
[2021-04-12 11:02:10 - INFO] FRED RUN 0: Mode (l,m,n) = (5,3,-9) Computed
[2021-04-12 11:02:10 - INFO] FRED RUN 0: Mode (l,m,n) = (5,3,10) Computed
[2021-04-12 11:02:10 - INFO] FRED RUN 0: Mode (l,m,n) = (5,3,-10) Computed
[2021-04-12 11:02:10 - INFO] FRED RUN 0: Mode (l,m,n) = (5,3,11) Computed
[2021-04-12 11:02:10 - INFO] FRED RUN 0: Mode (l,m,n) = (5,3,-11) Computed
[2021-04-12 11:02:10 - INFO] FRED RUN 0: Mode (l,m,n) = (5,3,12) Computed
[2021-04-12 11:02:10 - INFO] FRED RUN 0: Mode (l,m,n) = (5,3,-12) Computed
[2021-04-12 11:02:11 - INFO] FRED RUN 0: Mode (l,m,n) = (5,3,13) Computed
[2021-04-12 11:02:11 - INFO] FRED RUN 0: Mode (l,m,n) = (5,3,-13) Computed
[2021-04-12 11:02:11 - INFO] FRED RUN 0: Mode (l,m,n) = (5,3,14) Computed
[2021-04-12 11:02:11 - INFO] FRED RUN 0: Mode (l,m,n) = (5,3,-14) Computed
[2021-04-12 11:02:11 - INFO] FRED RUN 0: Mode (l,m,n) = (5,3,15) Computed
[2021-04-12 11:02:11 - INFO] FRED RUN 0: Mode (l,m,n) = (5,3,-15) Computed
[2021-04-12 11:02:11 - INFO] FRED RUN 0: Mode (l,m,n) = (5,3,16) Computed
[2021-04-12 11:02:11 - INFO] FRED RUN 0: Mode (l,m,n) = (5,3,-16) Computed
[2021-04-12 11:02:11 - INFO] FRED RUN 0: Mode (l,m,n) = (5,3,17) Computed
[2021-04-12 11:02:11 - INFO] FRED RUN 0: Mode (l,m,n) = (5,3,-17) Computed
[2021-04-12 11:02:12 - INFO] FRED RUN 0: Mode (l,m,n) = (5,3,18) Computed
[2021-04-12 11:02:12 - INFO] FRED RUN 0: Mode (l,m,n) = (5,3,-18) Computed
[2021-04-12 11:02:12 - INFO] FRED RUN 0: Mode (l,m,n) = (5,3,19) Computed
[2021-04-12 11:02:12 - INFO] FRED RUN 0: Mode (l,m,n) = (5,3,-19) Computed
[2021-04-12 11:02:12 - INFO] FRED RUN 0: Mode (l,m,n) = (5,3,20) Computed
[2021-04-12 11:02:12 - INFO] FRED RUN 0: Mode (l,m,n) = (5,3,-20) Computed
[2021-04-12 11:02:12 - INFO] FRED RUN 0: Mode (l,m,n) = (5,5,0) Computed
[2021-04-12 11:02:12 - INFO] FRED RUN 0: Mode (l,m,n) = (5,5,1) Computed
[2021-04-12 11:02:12 - INFO] FRED RUN 0: Mode (l,m,n) = (5,5,-1) Computed
[2021-04-12 11:02:12 - INFO] FRED RUN 0: Mode (l,m,n) = (5,5,2) Computed
[2021-04-12 11:02:12 - INFO] FRED RUN 0: Mode (l,m,n) = (5,5,-2) Computed
[2021-04-12 11:02:13 - INFO] FRED RUN 0: Mode (l,m,n) = (5,5,3) Computed
[2021-04-12 11:02:13 - INFO] FRED RUN 0: Mode (l,m,n) = (5,5,-3) Computed
[2021-04-12 11:02:13 - INFO] FRED RUN 0: Mode (l,m,n) = (5,5,4) Computed
[2021-04-12 11:02:13 - INFO] FRED RUN 0: Mode (l,m,n) = (5,5,-4) Computed
[2021-04-12 11:02:13 - INFO] FRED RUN 0: Mode (l,m,n) = (5,5,5) Computed
[2021-04-12 11:02:13 - INFO] FRED RUN 0: Mode (l,m,n) = (5,5,-5) Computed
[2021-04-12 11:02:13 - INFO] FRED RUN 0: Mode (l,m,n) = (5,5,6) Computed
[2021-04-12 11:02:13 - INFO] FRED RUN 0: Mode (l,m,n) = (5,5,-6) Computed
[2021-04-12 11:02:13 - INFO] FRED RUN 0: Mode (l,m,n) = (5,5,7) Computed
[2021-04-12 11:02:13 - INFO] FRED RUN 0: Mode (l,m,n) = (5,5,-7) Computed
[2021-04-12 11:02:13 - INFO] FRED RUN 0: Mode (l,m,n) = (5,5,8) Computed
[2021-04-12 11:02:14 - INFO] FRED RUN 0: Mode (l,m,n) = (5,5,-8) Computed
[2021-04-12 11:02:14 - INFO] FRED RUN 0: Mode (l,m,n) = (5,5,9) Computed
[2021-04-12 11:02:14 - INFO] FRED RUN 0: Mode (l,m,n) = (5,5,-9) Computed
[2021-04-12 11:02:14 - INFO] FRED RUN 0: Mode (l,m,n) = (5,5,10) Computed
[2021-04-12 11:02:14 - INFO] FRED RUN 0: Mode (l,m,n) = (5,5,-10) Computed
[2021-04-12 11:02:14 - INFO] FRED RUN 0: Mode (l,m,n) = (5,5,11) Computed
[2021-04-12 11:02:14 - INFO] FRED RUN 0: Mode (l,m,n) = (5,5,-11) Computed
[2021-04-12 11:02:14 - INFO] FRED RUN 0: Mode (l,m,n) = (5,5,12) Computed
[2021-04-12 11:02:14 - INFO] FRED RUN 0: Mode (l,m,n) = (5,5,-12) Computed
[2021-04-12 11:02:14 - INFO] FRED RUN 0: Mode (l,m,n) = (5,5,13) Computed
[2021-04-12 11:02:14 - INFO] FRED RUN 0: Mode (l,m,n) = (5,5,-13) Computed
[2021-04-12 11:02:14 - INFO] FRED RUN 0: Mode (l,m,n) = (5,5,14) Computed
[2021-04-12 11:02:15 - INFO] FRED RUN 0: Mode (l,m,n) = (5,5,-14) Computed
[2021-04-12 11:02:15 - INFO] FRED RUN 0: Mode (l,m,n) = (5,5,15) Computed
[2021-04-12 11:02:15 - INFO] FRED RUN 0: Mode (l,m,n) = (5,5,-15) Computed
[2021-04-12 11:02:15 - INFO] FRED RUN 0: Mode (l,m,n) = (5,5,16) Computed
[2021-04-12 11:02:15 - INFO] FRED RUN 0: Mode (l,m,n) = (5,5,-16) Computed
[2021-04-12 11:02:15 - INFO] FRED RUN 0: Mode (l,m,n) = (5,5,17) Computed
[2021-04-12 11:02:15 - INFO] FRED RUN 0: Mode (l,m,n) = (5,5,-17) Computed
[2021-04-12 11:02:16 - INFO] FRED RUN 0: Mode (l,m,n) = (5,5,18) Computed
[2021-04-12 11:02:16 - INFO] FRED RUN 0: Mode (l,m,n) = (5,5,-18) Computed
[2021-04-12 11:02:16 - INFO] FRED RUN 0: Mode (l,m,n) = (5,5,19) Computed
[2021-04-12 11:02:16 - INFO] FRED RUN 0: Mode (l,m,n) = (5,5,-19) Computed
[2021-04-12 11:02:16 - INFO] FRED RUN 0: Mode (l,m,n) = (5,5,20) Computed
[2021-04-12 11:02:16 - INFO] FRED RUN 0: Mode (l,m,n) = (5,5,-20) Computed
[2021-04-12 11:02:16 - INFO] Execution Time: 75.01032543182373 seconds
[2021-04-12 11:02:16 - INFO] Thanks for using the FRED Code (version py-v3.0)
[2021-04-12 11:02:16 - INFO] FRED Code (c) 2012-2021 C.F. Sopuerta
[2021-04-12 11:02:16 - INFO] Goodbye!
[2021-04-12 11:02:16 - INFO] Physical Parameter Class deleted!
[2021-04-12 11:02:16 - INFO] FRED Code (c) 2012-2021 C.F. Sopuerta
